


ARM Macro Assembler    Page 1 


    1 00000000         ;*******************************************************
                       ************************
    2 00000000         ;* File Name          : startup_cbmx56x.s
    3 00000000         ;* Description        : CBMX56X devices vector table for
                        MDK-ARM toolchain.
    4 00000000         ;*                      This module performs:
    5 00000000         ;*                      - Set the initial SP
    6 00000000         ;*                      - Set the initial PC == Reset_Ha
                       ndler
    7 00000000         ;*                      - Set the vector table entries w
                       ith the exceptions ISR address
    8 00000000         ;*                      - Configure the system clock
    9 00000000         ;*                      - Branches to __main in the C li
                       brary (which eventually
   10 00000000         ;*                        calls main()).
   11 00000000         ;*                      After Reset the CortexM0 process
                       or is in Thread mode,
   12 00000000         ;*                      priority is Privileged, and the 
                       Stack is set to Main.
   13 00000000         ;* Author     : ChipSea MCU Group
   14 00000000         ;* Version     : V1.0.0
   15 00000000         ;* Date      : 01-11-2018.
   16 00000000         ;* copyright          : CHIPSEA TECHNOLOGIES (SHENZHEN) 
                       CORP.
   17 00000000         ;* note 
   18 00000000         ;      Licensed under MCD-CS Liberty SW License Agreemen
                       t V1, (the "License");
   19 00000000         ;      You may not use this file except in compliance wi
                       th the License.
   20 00000000         ;      You may obtain a copy of the License at:
   21 00000000         ;
   22 00000000         ;    http://www.chipsea.com/software_license_agreement_l
                       iberty_v1
   23 00000000         ;
   24 00000000         ;    Unless required by applicable law or agreed to in w
                       riting, software 
   25 00000000         ;    distributed under the License is distributed on an 
                       "AS IS" BASIS, 
   26 00000000         ;    WITHOUT WARRANTIES OR CONDITIONS OF ANY KIND, eithe
                       r express or implied.
   27 00000000         ;    See the License for the specific language governing
                        permissions and
   28 00000000         ;    limitations under the License.
   29 00000000         ;*******************************************************
                       ************************
   30 00000000         ;
   31 00000000         ; <h> Stack Configuration
   32 00000000         ;   <o> Stack Size (in Bytes) <0x0-0xFFFFFFFF:8>
   33 00000000         ; </h>
   34 00000000         
   35 00000000 00000400 
                       Stack_Size
                               EQU              0x00000400
   36 00000000         
   37 00000000                 AREA             STACK, NOINIT, READWRITE, ALIGN
=3
   38 00000000         Stack_Mem
                               SPACE            Stack_Size
   39 00000400         __initial_sp



ARM Macro Assembler    Page 2 


   40 00000400         
   41 00000400         
   42 00000400         ; <h> Heap Configuration
   43 00000400         ;   <o>  Heap Size (in Bytes) <0x0-0xFFFFFFFF:8>
   44 00000400         ; </h>
   45 00000400         
   46 00000400 00000000 
                       Heap_Size
                               EQU              0x00000000
   47 00000400         
   48 00000400                 AREA             HEAP, NOINIT, READWRITE, ALIGN=
3
   49 00000000         __heap_base
   50 00000000         Heap_Mem
                               SPACE            Heap_Size
   51 00000000         __heap_limit
   52 00000000         
   53 00000000                 PRESERVE8
   54 00000000                 THUMB
   55 00000000         
   56 00000000         
   57 00000000         ; Vector Table Mapped to Address 0 at Reset
   58 00000000                 AREA             RESET, DATA, READONLY
   59 00000000                 EXPORT           __Vectors
   60 00000000                 EXPORT           __Vectors_End
   61 00000000                 EXPORT           __Vectors_Size
   62 00000000         
   63 00000000 00000000 
                       __Vectors
                               DCD              __initial_sp ; Top of Stack
   64 00000004 00000000        DCD              Reset_Handler ; Reset Handler
   65 00000008 00000000        DCD              NMI_Handler ; NMI Handler
   66 0000000C 00000000        DCD              HardFault_Handler ; Hard Fault 
                                                            Handler
   67 00000010 00000000        DCD              0           ; Reserved
   68 00000014 00000000        DCD              0           ; Reserved
   69 00000018 00000000        DCD              0           ; Reserved
   70 0000001C 00000000        DCD              0           ; Reserved
   71 00000020 00000000        DCD              0           ; Reserved
   72 00000024 00000000        DCD              0           ; Reserved
   73 00000028 00000000        DCD              0           ; Reserved
   74 0000002C 00000000        DCD              SVC_Handler ; SVCall Handler
   75 00000030 00000000        DCD              0           ; Reserved
   76 00000034 00000000        DCD              0           ; Reserved
   77 00000038 00000000        DCD              PendSV_Handler ; PendSV Handler
                                                            
   78 0000003C 00000000        DCD              SysTick_Handler 
                                                            ; SysTick Handler
   79 00000040         
   80 00000040         ; External Interrupts handler
   81 00000040 00000000        DCD              PVD_IRQHandler ; PVD detect
   82 00000044 00000000        DCD              WWDG_IRQHandler ; WWDG
   83 00000048 00000000        DCD              TMR0_IRQHandler ; TIM0
   84 0000004C 00000000        DCD              TMR1_IRQHandler ; TIM1
   85 00000050 00000000        DCD              0           ; Reserved
   86 00000054 00000000        DCD              I2C_IRQHandler ; I2C
   87 00000058 00000000        DCD              0           ; Reserved
   88 0000005C 00000000        DCD              PA_IRQHandler ; GPIOA
   89 00000060 00000000        DCD              WK_IRQHandler ; WAKEUP



ARM Macro Assembler    Page 3 


   90 00000064 00000000        DCD              0           ; Reserved
   91 00000068 00000000        DCD              CC_IRQHandler ; CC
   92 0000006C 00000000        DCD              FAULT_IRQHandler 
                                                            ; SRAM PARITY FAULT
                                                            
   93 00000070 00000000        DCD              0           ; Reserved
   94 00000074 00000000        DCD              VADC_IRQHandler ; VADC
   95 00000078 00000000        DCD              LN_IRQHandler ; LN
   96 0000007C 00000000        DCD              SHA256_IRQHandler ; SHA256
   97 00000080         __Vectors_End
   98 00000080         
   99 00000080 00000080 
                       __Vectors_Size
                               EQU              __Vectors_End - __Vectors
  100 00000080         
  101 00000080                 AREA             |.text|, CODE, READONLY
  102 00000000         
  103 00000000         ; Reset handler 
  104 00000000         Reset_Handler
                               PROC
  105 00000000                 EXPORT           Reset_Handler             [WEAK
]
  106 00000000                 IMPORT           SystemInit
  107 00000000                 IMPORT           __main
  108 00000000 4807            LDR              R0, =SystemInit
  109 00000002 4780            BLX              R0
  110 00000004 4807            LDR              R0, =__main
  111 00000006 4700            BX               R0
  112 00000008                 ENDP
  113 00000008         
  114 00000008         ; Dummy Exception Handlers (infinite loops which can be 
                       modified)
  115 00000008         
  116 00000008         NMI_Handler
                               PROC
  117 00000008                 EXPORT           NMI_Handler                    
[WEAK]
  118 00000008 E7FE            B                .
  119 0000000A                 ENDP
  121 0000000A         HardFault_Handler
                               PROC
  122 0000000A                 EXPORT           HardFault_Handler              
[WEAK]
  123 0000000A E7FE            B                .
  124 0000000C                 ENDP
  125 0000000C         SVC_Handler
                               PROC
  126 0000000C                 EXPORT           SVC_Handler                    
[WEAK]
  127 0000000C E7FE            B                .
  128 0000000E                 ENDP
  129 0000000E         PendSV_Handler
                               PROC
  130 0000000E                 EXPORT           PendSV_Handler                 
[WEAK]
  131 0000000E E7FE            B                .
  132 00000010                 ENDP
  133 00000010         SysTick_Handler
                               PROC



ARM Macro Assembler    Page 4 


  134 00000010                 EXPORT           SysTick_Handler                
[WEAK]
  135 00000010 E7FE            B                .
  136 00000012                 ENDP
  137 00000012         
  138 00000012         Default_Handler
                               PROC
  139 00000012         
  140 00000012                 EXPORT           PVD_IRQHandler                 
[WEAK]
  141 00000012                 EXPORT           WWDG_IRQHandler                
[WEAK]
  142 00000012                 EXPORT           TMR0_IRQHandler                
[WEAK]
  143 00000012                 EXPORT           TMR1_IRQHandler                
[WEAK]
  144 00000012                 EXPORT           I2C_IRQHandler                 
[WEAK]
  145 00000012                 EXPORT           PA_IRQHandler                  
[WEAK]
  146 00000012                 EXPORT           WK_IRQHandler                  
[WEAK]
  147 00000012                 EXPORT           CC_IRQHandler                  
[WEAK]
  148 00000012                 EXPORT           FAULT_IRQHandler               
[WEAK]
  149 00000012                 EXPORT           VADC_IRQHandler                
[WEAK]
  150 00000012                 EXPORT           LN_IRQHandler                  
[WEAK]
  151 00000012                 EXPORT           SHA256_IRQHandler              
[WEAK]
  152 00000012         
  153 00000012         PVD_IRQHandler
  154 00000012         WWDG_IRQHandler
  155 00000012         TMR0_IRQHandler
  156 00000012         TMR1_IRQHandler
  157 00000012         I2C_IRQHandler
  158 00000012         PA_IRQHandler
  159 00000012         WK_IRQHandler
  160 00000012         CC_IRQHandler
  161 00000012         FAULT_IRQHandler
  162 00000012         VADC_IRQHandler
  163 00000012         LN_IRQHandler
  164 00000012         SHA256_IRQHandler
  165 00000012 E7FE            B                .
  166 00000014         
  167 00000014                 ENDP
  168 00000014         
  169 00000014                 ALIGN
  170 00000014         
  171 00000014         ;*******************************************************
                       ************************
  172 00000014         ; User Stack and Heap initialization
  173 00000014         ;*******************************************************
                       ************************
  174 00000014                 IF               :DEF:__MICROLIB
  181 00000014         
  182 00000014                 IMPORT           __use_two_region_memory



ARM Macro Assembler    Page 5 


  183 00000014                 EXPORT           __user_initial_stackheap
  184 00000014         
  185 00000014         __user_initial_stackheap
  186 00000014         
  187 00000014 4804            LDR              R0, =  Heap_Mem
  188 00000016 4905            LDR              R1, =(Stack_Mem + Stack_Size)
  189 00000018 4A03            LDR              R2, = (Heap_Mem +  Heap_Size)
  190 0000001A 4B05            LDR              R3, = Stack_Mem
  191 0000001C 4770            BX               LR
  192 0000001E         
  193 0000001E 00 00           ALIGN
  194 00000020         
  195 00000020                 ENDIF
  196 00000020         
  197 00000020                 END
              00000000 
              00000000 
              00000000 
              00000400 
              00000000 
Command Line: --debug --xref --diag_suppress=9931 --cpu=Cortex-M0 --depend=..\o
utput\objects\startup_cbmx56x.d -o..\output\objects\startup_cbmx56x.o -I.\RTE\_
Target_1 -IC:\Users\12267\AppData\Local\Arm\Packs\ARM\CMSIS\5.8.0\CMSIS\Core\In
clude -IC:\Users\12267\AppData\Local\Arm\Packs\Chipsea\CBMX56X_DFP\1.0.5\Device
\Driver\inc -IC:\Users\12267\AppData\Local\Arm\Packs\Chipsea\CBMX56X_DFP\1.0.5\
Device\Include --predefine="__UVISION_VERSION SETA 533" --predefine="_RTE_ SETA
 1" --predefine="CBMX56X SETA 1" --predefine="_RTE_ SETA 1" --list=..\output\li
stings\startup_cbmx56x.lst RTE\Device\CBM6560\startup_cbmx56x.S



ARM Macro Assembler    Page 1 Alphabetic symbol ordering
Relocatable symbols

STACK 00000000

Symbol: STACK
   Definitions
      At line 37 in file RTE\Device\CBM6560\startup_cbmx56x.S
   Uses
      None
Comment: STACK unused
Stack_Mem 00000000

Symbol: Stack_Mem
   Definitions
      At line 38 in file RTE\Device\CBM6560\startup_cbmx56x.S
   Uses
      At line 188 in file RTE\Device\CBM6560\startup_cbmx56x.S
      At line 190 in file RTE\Device\CBM6560\startup_cbmx56x.S

__initial_sp 00000400

Symbol: __initial_sp
   Definitions
      At line 39 in file RTE\Device\CBM6560\startup_cbmx56x.S
   Uses
      At line 63 in file RTE\Device\CBM6560\startup_cbmx56x.S
Comment: __initial_sp used once
3 symbols



ARM Macro Assembler    Page 1 Alphabetic symbol ordering
Relocatable symbols

HEAP 00000000

Symbol: HEAP
   Definitions
      At line 48 in file RTE\Device\CBM6560\startup_cbmx56x.S
   Uses
      None
Comment: HEAP unused
Heap_Mem 00000000

Symbol: Heap_Mem
   Definitions
      At line 50 in file RTE\Device\CBM6560\startup_cbmx56x.S
   Uses
      At line 187 in file RTE\Device\CBM6560\startup_cbmx56x.S
      At line 189 in file RTE\Device\CBM6560\startup_cbmx56x.S

__heap_base 00000000

Symbol: __heap_base
   Definitions
      At line 49 in file RTE\Device\CBM6560\startup_cbmx56x.S
   Uses
      None
Comment: __heap_base unused
__heap_limit 00000000

Symbol: __heap_limit
   Definitions
      At line 51 in file RTE\Device\CBM6560\startup_cbmx56x.S
   Uses
      None
Comment: __heap_limit unused
4 symbols



ARM Macro Assembler    Page 1 Alphabetic symbol ordering
Relocatable symbols

RESET 00000000

Symbol: RESET
   Definitions
      At line 58 in file RTE\Device\CBM6560\startup_cbmx56x.S
   Uses
      None
Comment: RESET unused
__Vectors 00000000

Symbol: __Vectors
   Definitions
      At line 63 in file RTE\Device\CBM6560\startup_cbmx56x.S
   Uses
      At line 59 in file RTE\Device\CBM6560\startup_cbmx56x.S
      At line 99 in file RTE\Device\CBM6560\startup_cbmx56x.S

__Vectors_End 00000080

Symbol: __Vectors_End
   Definitions
      At line 97 in file RTE\Device\CBM6560\startup_cbmx56x.S
   Uses
      At line 60 in file RTE\Device\CBM6560\startup_cbmx56x.S
      At line 99 in file RTE\Device\CBM6560\startup_cbmx56x.S

3 symbols



ARM Macro Assembler    Page 1 Alphabetic symbol ordering
Relocatable symbols

.text 00000000

Symbol: .text
   Definitions
      At line 101 in file RTE\Device\CBM6560\startup_cbmx56x.S
   Uses
      None
Comment: .text unused
CC_IRQHandler 00000012

Symbol: CC_IRQHandler
   Definitions
      At line 160 in file RTE\Device\CBM6560\startup_cbmx56x.S
   Uses
      At line 91 in file RTE\Device\CBM6560\startup_cbmx56x.S
      At line 147 in file RTE\Device\CBM6560\startup_cbmx56x.S

Default_Handler 00000012

Symbol: Default_Handler
   Definitions
      At line 138 in file RTE\Device\CBM6560\startup_cbmx56x.S
   Uses
      None
Comment: Default_Handler unused
FAULT_IRQHandler 00000012

Symbol: FAULT_IRQHandler
   Definitions
      At line 161 in file RTE\Device\CBM6560\startup_cbmx56x.S
   Uses
      At line 92 in file RTE\Device\CBM6560\startup_cbmx56x.S
      At line 148 in file RTE\Device\CBM6560\startup_cbmx56x.S

HardFault_Handler 0000000A

Symbol: HardFault_Handler
   Definitions
      At line 121 in file RTE\Device\CBM6560\startup_cbmx56x.S
   Uses
      At line 66 in file RTE\Device\CBM6560\startup_cbmx56x.S
      At line 122 in file RTE\Device\CBM6560\startup_cbmx56x.S

I2C_IRQHandler 00000012

Symbol: I2C_IRQHandler
   Definitions
      At line 157 in file RTE\Device\CBM6560\startup_cbmx56x.S
   Uses
      At line 86 in file RTE\Device\CBM6560\startup_cbmx56x.S
      At line 144 in file RTE\Device\CBM6560\startup_cbmx56x.S

LN_IRQHandler 00000012

Symbol: LN_IRQHandler
   Definitions
      At line 163 in file RTE\Device\CBM6560\startup_cbmx56x.S
   Uses
      At line 95 in file RTE\Device\CBM6560\startup_cbmx56x.S



ARM Macro Assembler    Page 2 Alphabetic symbol ordering
Relocatable symbols

      At line 150 in file RTE\Device\CBM6560\startup_cbmx56x.S

NMI_Handler 00000008

Symbol: NMI_Handler
   Definitions
      At line 116 in file RTE\Device\CBM6560\startup_cbmx56x.S
   Uses
      At line 65 in file RTE\Device\CBM6560\startup_cbmx56x.S
      At line 117 in file RTE\Device\CBM6560\startup_cbmx56x.S

PA_IRQHandler 00000012

Symbol: PA_IRQHandler
   Definitions
      At line 158 in file RTE\Device\CBM6560\startup_cbmx56x.S
   Uses
      At line 88 in file RTE\Device\CBM6560\startup_cbmx56x.S
      At line 145 in file RTE\Device\CBM6560\startup_cbmx56x.S

PVD_IRQHandler 00000012

Symbol: PVD_IRQHandler
   Definitions
      At line 153 in file RTE\Device\CBM6560\startup_cbmx56x.S
   Uses
      At line 81 in file RTE\Device\CBM6560\startup_cbmx56x.S
      At line 140 in file RTE\Device\CBM6560\startup_cbmx56x.S

PendSV_Handler 0000000E

Symbol: PendSV_Handler
   Definitions
      At line 129 in file RTE\Device\CBM6560\startup_cbmx56x.S
   Uses
      At line 77 in file RTE\Device\CBM6560\startup_cbmx56x.S
      At line 130 in file RTE\Device\CBM6560\startup_cbmx56x.S

Reset_Handler 00000000

Symbol: Reset_Handler
   Definitions
      At line 104 in file RTE\Device\CBM6560\startup_cbmx56x.S
   Uses
      At line 64 in file RTE\Device\CBM6560\startup_cbmx56x.S
      At line 105 in file RTE\Device\CBM6560\startup_cbmx56x.S

SHA256_IRQHandler 00000012

Symbol: SHA256_IRQHandler
   Definitions
      At line 164 in file RTE\Device\CBM6560\startup_cbmx56x.S
   Uses
      At line 96 in file RTE\Device\CBM6560\startup_cbmx56x.S
      At line 151 in file RTE\Device\CBM6560\startup_cbmx56x.S

SVC_Handler 0000000C

Symbol: SVC_Handler



ARM Macro Assembler    Page 3 Alphabetic symbol ordering
Relocatable symbols

   Definitions
      At line 125 in file RTE\Device\CBM6560\startup_cbmx56x.S
   Uses
      At line 74 in file RTE\Device\CBM6560\startup_cbmx56x.S
      At line 126 in file RTE\Device\CBM6560\startup_cbmx56x.S

SysTick_Handler 00000010

Symbol: SysTick_Handler
   Definitions
      At line 133 in file RTE\Device\CBM6560\startup_cbmx56x.S
   Uses
      At line 78 in file RTE\Device\CBM6560\startup_cbmx56x.S
      At line 134 in file RTE\Device\CBM6560\startup_cbmx56x.S

TMR0_IRQHandler 00000012

Symbol: TMR0_IRQHandler
   Definitions
      At line 155 in file RTE\Device\CBM6560\startup_cbmx56x.S
   Uses
      At line 83 in file RTE\Device\CBM6560\startup_cbmx56x.S
      At line 142 in file RTE\Device\CBM6560\startup_cbmx56x.S

TMR1_IRQHandler 00000012

Symbol: TMR1_IRQHandler
   Definitions
      At line 156 in file RTE\Device\CBM6560\startup_cbmx56x.S
   Uses
      At line 84 in file RTE\Device\CBM6560\startup_cbmx56x.S
      At line 143 in file RTE\Device\CBM6560\startup_cbmx56x.S

VADC_IRQHandler 00000012

Symbol: VADC_IRQHandler
   Definitions
      At line 162 in file RTE\Device\CBM6560\startup_cbmx56x.S
   Uses
      At line 94 in file RTE\Device\CBM6560\startup_cbmx56x.S
      At line 149 in file RTE\Device\CBM6560\startup_cbmx56x.S

WK_IRQHandler 00000012

Symbol: WK_IRQHandler
   Definitions
      At line 159 in file RTE\Device\CBM6560\startup_cbmx56x.S
   Uses
      At line 89 in file RTE\Device\CBM6560\startup_cbmx56x.S
      At line 146 in file RTE\Device\CBM6560\startup_cbmx56x.S

WWDG_IRQHandler 00000012

Symbol: WWDG_IRQHandler
   Definitions
      At line 154 in file RTE\Device\CBM6560\startup_cbmx56x.S
   Uses
      At line 82 in file RTE\Device\CBM6560\startup_cbmx56x.S
      At line 141 in file RTE\Device\CBM6560\startup_cbmx56x.S



ARM Macro Assembler    Page 4 Alphabetic symbol ordering
Relocatable symbols


__user_initial_stackheap 00000014

Symbol: __user_initial_stackheap
   Definitions
      At line 185 in file RTE\Device\CBM6560\startup_cbmx56x.S
   Uses
      At line 183 in file RTE\Device\CBM6560\startup_cbmx56x.S
Comment: __user_initial_stackheap used once
21 symbols



ARM Macro Assembler    Page 1 Alphabetic symbol ordering
Absolute symbols

Heap_Size 00000000

Symbol: Heap_Size
   Definitions
      At line 46 in file RTE\Device\CBM6560\startup_cbmx56x.S
   Uses
      At line 50 in file RTE\Device\CBM6560\startup_cbmx56x.S
      At line 189 in file RTE\Device\CBM6560\startup_cbmx56x.S

Stack_Size 00000400

Symbol: Stack_Size
   Definitions
      At line 35 in file RTE\Device\CBM6560\startup_cbmx56x.S
   Uses
      At line 38 in file RTE\Device\CBM6560\startup_cbmx56x.S
      At line 188 in file RTE\Device\CBM6560\startup_cbmx56x.S

__Vectors_Size 00000080

Symbol: __Vectors_Size
   Definitions
      At line 99 in file RTE\Device\CBM6560\startup_cbmx56x.S
   Uses
      At line 61 in file RTE\Device\CBM6560\startup_cbmx56x.S
Comment: __Vectors_Size used once
3 symbols



ARM Macro Assembler    Page 1 Alphabetic symbol ordering
External symbols

SystemInit 00000000

Symbol: SystemInit
   Definitions
      At line 106 in file RTE\Device\CBM6560\startup_cbmx56x.S
   Uses
      At line 108 in file RTE\Device\CBM6560\startup_cbmx56x.S
Comment: SystemInit used once
__main 00000000

Symbol: __main
   Definitions
      At line 107 in file RTE\Device\CBM6560\startup_cbmx56x.S
   Uses
      At line 110 in file RTE\Device\CBM6560\startup_cbmx56x.S
Comment: __main used once
__use_two_region_memory 00000000

Symbol: __use_two_region_memory
   Definitions
      At line 182 in file RTE\Device\CBM6560\startup_cbmx56x.S
   Uses
      None
Comment: __use_two_region_memory unused
3 symbols
374 symbols in table
